<?xml version="1.0" encoding="UTF-8"?>
<coverage generated="1730211581594" clover="3.2.0">
  <project timestamp="1730211581595" name="All files">
    <metrics statements="8" coveredstatements="7" conditionals="0" coveredconditionals="0" methods="3" coveredmethods="2" elements="11" coveredelements="9" complexity="0" loc="8" ncloc="8" packages="1" files="2" classes="2"/>
    <file name="add.js" path="C:\Users\gaddi\Dev\FromScratch\JavaScript\JS.partie_3\suite_et_fin\test-js\add.js">
      <metrics statements="3" coveredstatements="3" conditionals="0" coveredconditionals="0" methods="1" coveredmethods="1"/>
      <line num="7" count="1" type="stmt"/>
      <line num="8" count="1" type="stmt"/>
      <line num="12" count="1" type="stmt"/>
    </file>
    <file name="fusionArray.js" path="C:\Users\gaddi\Dev\FromScratch\JavaScript\JS.partie_3\suite_et_fin\test-js\fusionArray.js">
      <metrics statements="5" coveredstatements="4" conditionals="0" coveredconditionals="0" methods="2" coveredmethods="1"/>
      <line num="2" count="1" type="stmt"/>
      <line num="3" count="1" type="stmt"/>
      <line num="6" count="1" type="stmt"/>
      <line num="7" count="0" type="stmt"/>
      <line num="10" count="1" type="stmt"/>
    </file>
  </project>
</coverage>
